#
# A fatal error has been detected by the Java Runtime Environment:
#
#  EXCEPTION_ACCESS_VIOLATION (0xc0000005) at pc=0x00007ffbecf7c58e, pid=26808, tid=20724
#
# JRE version:  (21.0.7+8) (build )
# Java VM: Java HotSpot(TM) 64-Bit Server VM (21.0.7+8-LTS-245, mixed mode, sharing, tiered, compressed oops, compressed class ptrs, g1 gc, windows-amd64)
# Problematic frame:
# V  [jvm.dll+0x30c58e]
#
# No core dump will be written. Minidumps are not enabled by default on client versions of Windows
#
#

---------------  S U M M A R Y ------------

Command Line: 

Host: Intel(R) Pentium(R) Silver N5000 CPU @ 1.10GHz, 4 cores, 3G,  Windows 11 , 64 bit Build 22621 (10.0.22621.5262)
Time: Mon Jun 30 16:04:50 2025 Central America Standard Time elapsed time: 0.282544 seconds (0d 0h 0m 0s)

---------------  T H R E A D  ---------------

Current thread (0x000002c6da52b070):  JavaThread "Unknown thread" [_thread_in_vm, id=20724, stack(0x000000f744700000,0x000000f744800000) (1024K)]

Stack: [0x000000f744700000,0x000000f744800000],  sp=0x000000f7447ff530,  free space=1021k
Native frames: (J=compiled Java code, j=interpreted, Vv=VM code, C=native code)
V  [jvm.dll+0x30c58e]
V  [jvm.dll+0x30ced8]
V  [jvm.dll+0x675369]
V  [jvm.dll+0x675599]
V  [jvm.dll+0x674951]
V  [jvm.dll+0x670108]
V  [jvm.dll+0x81eb45]
V  [jvm.dll+0x3bb211]
V  [jvm.dll+0x807d78]
V  [jvm.dll+0x4503ee]
V  [jvm.dll+0x451fe1]
C  [jli.dll+0x52a3]
C  [ucrtbase.dll+0x29333]
C  [KERNEL32.DLL+0x1259d]
C  [ntdll.dll+0x5af58]


siginfo: EXCEPTION_ACCESS_VIOLATION (0xc0000005), reading address 0x0000000000000000


Registers:
RAX=0x00005bfea53aad2c, RBX=0x0000000000000000, RCX=0x0000000000000000, RDX=0x0000000000000001
RSP=0x000000f7447ff530, RBP=0x0000000000000001, RSI=0x000002c6803b6070, RDI=0x000002c6dc80ae50
R8 =0x0000000000000001, R9 =0x0000000000000001, R10=0x0000000000000000, R11=0x0000000000000246
R12=0x0000000000000000, R13=0x0000000000000000, R14=0x0000000000000001, R15=0x000002c680000000
RIP=0x00007ffbecf7c58e, EFLAGS=0x0000000000010246


Top of Stack: (sp=0x000000f7447ff530)
0x000000f7447ff530:   0000000800c90000 000002c680000000
0x000000f7447ff540:   000002c680c90000 000002be80000000
0x000000f7447ff550:   000002c680000000 0000000000000001
0x000000f7447ff560:   000000f7447ff670 0000000000000000
0x000000f7447ff570:   00005bfea53aacbc 000002be80000000
0x000000f7447ff580:   00005bfea53aad2c 000000f7447ff7c0
0x000000f7447ff590:   000002c6dc80ae50 00007ffbecf7ced8
0x000000f7447ff5a0:   000002c680000000 0000000000000000
0x000000f7447ff5b0:   0000000000000000 0000000000000000
0x000000f7447ff5c0:   000002c680000000 0000000001000000
0x000000f7447ff5d0:   0000000000000000 0000000000010000
0x000000f7447ff5e0:   0000000000001000 ffffffffdc814500
0x000000f7447ff5f0:   000002c6dc80ae00 0000000000000274
0x000000f7447ff600:   00005bfea53aadbc 0000000000000000
0x000000f7447ff610:   0000000000000000 00007ffbed2f7510
0x000000f7447ff620:   0000000000000000 000002c6dc80ae50
0x000000f7447ff630:   000000f7447ff7c0 00007ffbed2e5369
0x000000f7447ff640:   0000000000000002 00007ffbed83a370
0x000000f7447ff650:   000002c6dc80ae50 000002c6dc80ae50
0x000000f7447ff660:   000000f7447ff670 0000000000001000
0x000000f7447ff670:   000002c680000000 0000000001000000
0x000000f7447ff680:   0000000000000000 0000000000010000
0x000000f7447ff690:   0000000000001000 ffffffffdc814500
0x000000f7447ff6a0:   000002c6dc80ae00 000002c6dc80ae50
0x000000f7447ff6b0:   0000000000000000 00007ffbed2e5599
0x000000f7447ff6c0:   0000000000000000 0000000001000000
0x000000f7447ff6d0:   000002c6dc7409e0 0000000000000000
0x000000f7447ff6e0:   000000f7447ff6f0 000000f7447ff728
0x000000f7447ff6f0:   000002c680000000 0000000001000000
0x000000f7447ff700:   0000000000000000 0000000000010000
0x000000f7447ff710:   0000000000001000 ffffffffdc814500
0x000000f7447ff720:   000002c6dc80ae00 000002c681000000 

Instructions: (pc=0x00007ffbecf7c58e)
0x00007ffbecf7c48e:   e8 8d 95 db ff 48 8b 05 86 98 90 00 48 85 c0 74
0x00007ffbecf7c49e:   1b 44 0f b6 83 a9 01 00 00 48 8d 0d e2 2d 6c 00
0x00007ffbecf7c4ae:   0f b6 93 a8 01 00 00 e8 d6 46 db ff 0f b6 05 0c
0x00007ffbecf7c4be:   91 91 00 38 83 a8 01 00 00 75 67 0f b6 05 ea 20
0x00007ffbecf7c4ce:   8b 00 38 83 a9 01 00 00 75 58 80 bb 01 03 00 00
0x00007ffbecf7c4de:   00 75 1f 48 8b 05 38 98 90 00 c6 05 31 de 8b 00
0x00007ffbecf7c4ee:   00 48 85 c0 74 0c 48 8d 0d 95 2e 6c 00 e8 90 46
0x00007ffbecf7c4fe:   db ff 80 bb 02 03 00 00 00 75 1f 48 8b 05 10 98
0x00007ffbecf7c50e:   90 00 c6 05 0a de 8b 00 00 48 85 c0 74 0c 48 8d
0x00007ffbecf7c51e:   0d dd 2e 6c 00 e8 68 46 db ff b0 01 48 83 c4 20
0x00007ffbecf7c52e:   5b c3 48 8b 05 e9 97 90 00 48 85 c0 74 0c 48 8d
0x00007ffbecf7c53e:   0d ad 2d 6c 00 e8 48 46 db ff 32 c0 48 83 c4 20
0x00007ffbecf7c54e:   5b c3 48 89 5c 24 10 48 89 6c 24 18 48 89 74 24
0x00007ffbecf7c55e:   20 57 48 83 ec 60 48 8b 05 ad b4 8d 00 48 33 c4
0x00007ffbecf7c56e:   48 89 44 24 50 80 3d 56 1b 8b 00 00 0f b6 ea 48
0x00007ffbecf7c57e:   8b f1 74 17 80 39 00 75 12 48 8b 0d 3a de 90 00
0x00007ffbecf7c58e:   48 8b 01 ff 50 20 48 8b d8 eb 08 48 8b 59 18 48
0x00007ffbecf7c59e:   83 c3 04 48 8b 05 18 df 90 00 40 b7 01 48 85 c0
0x00007ffbecf7c5ae:   74 0f 48 8b d3 48 8d 0d ee 16 6c 00 e8 c1 e5 f0
0x00007ffbecf7c5be:   ff 48 8d 54 24 20 48 8b cb e8 94 cc 3b 00 85 c0
0x00007ffbecf7c5ce:   74 28 40 84 ed 74 23 48 8b 05 4c 97 90 00 48 85
0x00007ffbecf7c5de:   c0 74 47 48 8b d3 48 8d 0d e5 16 6c 00 e8 30 94
0x00007ffbecf7c5ee:   db ff 40 32 ff e9 12 01 00 00 80 3e 02 75 33 48
0x00007ffbecf7c5fe:   8b cb e8 ab 6d 3b 00 84 c0 0f 85 fd 00 00 00 48
0x00007ffbecf7c60e:   8b 05 14 97 90 00 48 85 c0 74 0f 48 8b d3 48 8d
0x00007ffbecf7c61e:   0d dd 16 6c 00 e8 f8 93 db ff 40 32 ff e9 da 00
0x00007ffbecf7c62e:   00 00 48 8b 46 08 48 85 c0 74 07 48 3b 44 24 40
0x00007ffbecf7c63e:   75 0f 48 63 44 24 34 48 39 46 10 0f 84 bb 00 00
0x00007ffbecf7c64e:   00 48 8b 05 d2 96 90 00 40 32 ff 40 38 3d 6b 8f
0x00007ffbecf7c65e:   91 00 74 2b 48 85 c0 0f 84 9f 00 00 00 48 8b 46
0x00007ffbecf7c66e:   08 48 8d 15 aa 16 6c 00 48 3b 44 24 40 48 8d 0d
0x00007ffbecf7c67e:   b6 16 6c 00 48 0f 45 ca e8 95 93 db ff eb 7d 48 



---------------  P R O C E S S  ---------------

Threads class SMR info:
_java_thread_list=0x00007ffbed83cc48, length=0, elements={
}

Java Threads: ( => current thread )
Total: 0

Other Threads:
  0x000002c6dc7a7110 WorkerThread "GC Thread#0"                     [id=21260, stack(0x000000f744800000,0x000000f744900000) (1024K)]
  0x000002c6dc7b13a0 ConcurrentGCThread "G1 Main Marker"            [id=5756, stack(0x000000f744900000,0x000000f744a00000) (1024K)]
  0x000002c6dc7b25c0 WorkerThread "G1 Conc#0"                       [id=27656, stack(0x000000f744a00000,0x000000f744b00000) (1024K)]
  0x000002c6dc80b180 ConcurrentGCThread "G1 Refine#0"               [id=6952, stack(0x000000f744b00000,0x000000f744c00000) (1024K)]
  0x000002c6dc80bc00 ConcurrentGCThread "G1 Service"                [id=26644, stack(0x000000f744c00000,0x000000f744d00000) (1024K)]

=>0x000002c6da52b070 (exited) JavaThread "Unknown thread"    [_thread_in_vm, id=20724, stack(0x000000f744700000,0x000000f744800000) (1024K)]
Total: 6

Threads with active compile tasks:
Total: 0

VM state: not at safepoint (not fully initialized)

VM Mutex/Monitor currently owned by a thread: None

Heap address: 0x00000000c2e00000, size: 978 MB, Compressed Oops mode: 32-bit

CDS archive(s) mapped at: [0x0000000000000000-0x0000000000000000-0x0000000000000000), size 0, SharedBaseAddress: 0x0000000800000000, ArchiveRelocationMode: 1.
Narrow klass base: 0x0000000000000000, Narrow klass shift: 0, Narrow klass range: 0x0

GC Precious Log:
 CardTable entry size: 512
 Card Set container configuration: InlinePtr #cards 5 size 8 Array Of Cards #cards 12 size 40 Howl #buckets 4 coarsen threshold 1843 Howl Bitmap #cards 512 size 80 coarsen threshold 460 Card regions per heap region 1 cards per card region 2048
 CPUs: 4 total, 4 available
 Memory: 3907M
 Large Page Support: Disabled
 NUMA Support: Disabled
 Compressed Oops: Enabled (32-bit)
 Heap Region Size: 1M
 Heap Min Capacity: 8M
 Heap Initial Capacity: 62M
 Heap Max Capacity: 978M
 Pre-touch: Disabled
 Parallel Workers: 4
 Concurrent Workers: 1
 Concurrent Refinement Workers: 4
 Periodic GC: Disabled

Heap:
 garbage-first heap   total 63488K, used 0K [0x00000000c2e00000, 0x0000000100000000)
  region size 1024K, 0 young (0K), 0 survivors (0K)

[error occurred during error reporting (printing heap information), id 0xc0000005, EXCEPTION_ACCESS_VIOLATION (0xc0000005) at pc=0x00007ffbed393e79]
GC Heap History (0 events):
No events

Dll operation events (1 events):
Event: 0.076 Loaded shared library C:\Program Files\Java\jdk-21\bin\java.dll

Deoptimization events (0 events):
No events

Classes loaded (0 events):
No events

Classes unloaded (0 events):
No events

Classes redefined (0 events):
No events

Internal exceptions (0 events):
No events

ZGC Phase Switch (0 events):
No events

VM Operations (0 events):
No events

Events (0 events):
No events


Dynamic libraries:
0x00007ff6fad40000 - 0x00007ff6fad50000 	C:\Program Files\Java\jdk-21\bin\java.exe
0x00007ffc87790000 - 0x00007ffc879a7000 	C:\WINDOWS\SYSTEM32\ntdll.dll
0x00007ffc868d0000 - 0x00007ffc86994000 	C:\WINDOWS\System32\KERNEL32.DLL
0x00007ffc848b0000 - 0x00007ffc84c83000 	C:\WINDOWS\System32\KERNELBASE.dll
0x00007ffc84fd0000 - 0x00007ffc850e1000 	C:\WINDOWS\System32\ucrtbase.dll
0x00007ffc67470000 - 0x00007ffc67489000 	C:\Program Files\Java\jdk-21\bin\jli.dll
0x00007ffc86bd0000 - 0x00007ffc86c81000 	C:\WINDOWS\System32\ADVAPI32.dll
0x00007ffc86660000 - 0x00007ffc86707000 	C:\WINDOWS\System32\msvcrt.dll
0x00007ffc67450000 - 0x00007ffc6746b000 	C:\Program Files\Java\jdk-21\bin\VCRUNTIME140.dll
0x00007ffc85bf0000 - 0x00007ffc85c97000 	C:\WINDOWS\System32\sechost.dll
0x00007ffc84880000 - 0x00007ffc848a8000 	C:\WINDOWS\System32\bcrypt.dll
0x00007ffc86d00000 - 0x00007ffc86e14000 	C:\WINDOWS\System32\RPCRT4.dll
0x00007ffc85530000 - 0x00007ffc856e1000 	C:\WINDOWS\System32\USER32.dll
0x00007ffc84fa0000 - 0x00007ffc84fc6000 	C:\WINDOWS\System32\win32u.dll
0x00007ffc6d330000 - 0x00007ffc6d5cb000 	C:\WINDOWS\WinSxS\amd64_microsoft.windows.common-controls_6595b64144ccf1df_6.0.22621.5262_none_2712bde373830908\COMCTL32.dll
0x00007ffc867b0000 - 0x00007ffc867d9000 	C:\WINDOWS\System32\GDI32.dll
0x00007ffc84db0000 - 0x00007ffc84ed2000 	C:\WINDOWS\System32\gdi32full.dll
0x00007ffc84c90000 - 0x00007ffc84d2a000 	C:\WINDOWS\System32\msvcp_win.dll
0x00007ffc7b940000 - 0x00007ffc7b94a000 	C:\WINDOWS\SYSTEM32\VERSION.dll
0x00007ffc86620000 - 0x00007ffc86651000 	C:\WINDOWS\System32\IMM32.DLL
0x00007ffc79c40000 - 0x00007ffc79c4c000 	C:\Program Files\Java\jdk-21\bin\vcruntime140_1.dll
0x00007ffc4abc0000 - 0x00007ffc4ac4e000 	C:\Program Files\Java\jdk-21\bin\msvcp140.dll
0x00007ffbecc70000 - 0x00007ffbed98a000 	C:\Program Files\Java\jdk-21\bin\server\jvm.dll
0x00007ffc867e0000 - 0x00007ffc86851000 	C:\WINDOWS\System32\WS2_32.dll
0x00007ffc7c610000 - 0x00007ffc7c644000 	C:\WINDOWS\SYSTEM32\WINMM.dll
0x00007ffc84760000 - 0x00007ffc847ad000 	C:\WINDOWS\SYSTEM32\POWRPROF.dll
0x00007ffc84740000 - 0x00007ffc84753000 	C:\WINDOWS\SYSTEM32\UMPDC.dll
0x00007ffc838c0000 - 0x00007ffc838d8000 	C:\WINDOWS\SYSTEM32\kernel.appcore.dll
0x00007ffc69810000 - 0x00007ffc6981a000 	C:\Program Files\Java\jdk-21\bin\jimage.dll
0x00007ffc82320000 - 0x00007ffc82552000 	C:\WINDOWS\SYSTEM32\DBGHELP.DLL
0x00007ffc860e0000 - 0x00007ffc86473000 	C:\WINDOWS\System32\combase.dll
0x00007ffc86540000 - 0x00007ffc86617000 	C:\WINDOWS\System32\OLEAUT32.dll
0x00007ffc658d0000 - 0x00007ffc65902000 	C:\WINDOWS\SYSTEM32\dbgcore.DLL
0x00007ffc853a0000 - 0x00007ffc8541b000 	C:\WINDOWS\System32\bcryptPrimitives.dll
0x00007ffc642d0000 - 0x00007ffc642ef000 	C:\Program Files\Java\jdk-21\bin\java.dll

dbghelp: loaded successfully - version: 4.0.5 - missing functions: none
symbol engine: initialized successfully - sym options: 0x614 - pdb path: .;C:\Program Files\Java\jdk-21\bin;C:\WINDOWS\SYSTEM32;C:\WINDOWS\WinSxS\amd64_microsoft.windows.common-controls_6595b64144ccf1df_6.0.22621.5262_none_2712bde373830908;C:\Program Files\Java\jdk-21\bin\server

VM Arguments:
java_command: <unknown>
java_class_path (initial): <not set>
Launcher Type: SUN_STANDARD

[Global flags]
     intx CICompilerCount                          = 3                                         {product} {ergonomic}
     uint ConcGCThreads                            = 1                                         {product} {ergonomic}
     uint G1ConcRefinementThreads                  = 4                                         {product} {ergonomic}
   size_t G1HeapRegionSize                         = 1048576                                   {product} {ergonomic}
    uintx GCDrainStackTargetSize                   = 64                                        {product} {ergonomic}
   size_t InitialHeapSize                          = 65011712                                  {product} {ergonomic}
   size_t MarkStackSize                            = 4194304                                   {product} {ergonomic}
   size_t MaxHeapSize                              = 1025507328                                {product} {ergonomic}
   size_t MaxNewSize                               = 614465536                                 {product} {ergonomic}
   size_t MinHeapDeltaBytes                        = 1048576                                   {product} {ergonomic}
   size_t MinHeapSize                              = 8388608                                   {product} {ergonomic}
    uintx NonNMethodCodeHeapSize                   = 5832780                                {pd product} {ergonomic}
    uintx NonProfiledCodeHeapSize                  = 122912730                              {pd product} {ergonomic}
    uintx ProfiledCodeHeapSize                     = 122912730                              {pd product} {ergonomic}
    uintx ReservedCodeCacheSize                    = 251658240                              {pd product} {ergonomic}
     bool SegmentedCodeCache                       = true                                      {product} {ergonomic}
   size_t SoftMaxHeapSize                          = 1025507328                             {manageable} {ergonomic}
     bool UseCompressedOops                        = true                           {product lp64_product} {ergonomic}
     bool UseG1GC                                  = true                                      {product} {ergonomic}
     bool UseLargePagesIndividualAllocation        = false                                  {pd product} {ergonomic}

Logging:
Log output configuration:
 #0: stdout all=warning uptime,level,tags foldmultilines=false
 #1: stderr all=off uptime,level,tags foldmultilines=false

Environment Variables:
PATH=C:\Program Files\Java\jdk-21\bin;C:\Program Files\Java\jdk-24\bin;C:\Program Files (x86)\Embarcadero\Studio\23.0\bin;C:\Users\Public\Documents\Embarcadero\Studio\23.0\Bpl;C:\Program Files (x86)\Embarcadero\Studio\23.0\bin64;C:\Users\Public\Documents\Embarcadero\Studio\23.0\Bpl\Win64;C:\WINDOWS\system32;C:\WINDOWS;C:\WINDOWS\System32\Wbem;C:\WINDOWS\System32\WindowsPowerShell\v1.0\;C:\WINDOWS\System32\OpenSSH\;C:\Program Files\Huawei QuickApp IDE\resources\app\extensions\deveco-debug\lib\toolkit\nodeTool;C:\Program Files\Huawei QuickApp IDE\resources\app\extensions\deveco-debug\lib\toolkit;C:\Program Files\OBS-WebRTC (64bit)\bin;C:\Program Files\Devart\EntityDeveloper\Console;C:\Program Files\Microsoft SQL Server\150\Tools\Binn\;C:\Program Files\Microsoft SQL Server\Client SDK\ODBC\170\Tools\Binn\;C:\Program Files\dotnet\;C:\Program Files\nodejs\;C:\Program Files\Git\cmd;C:\Users\hp\.console-ninja\.bin;C:\Users\hp\AppData\Local\Microsoft\WindowsApps;C:\flutter\bin;C:\Program Files\Devart\EntityDeveloper\Console;C:\Users\hp\.dotnet\tools;C:\Program Files\JetBrains\JetBrains Rider 2024.3.3\bin;;C:\Users\hp\AppData\Local\Programs\Microsoft VS Code\bin;C:\Users\hp\AppData\Local\GitHubDesktop\bin;C:\Users\hp\AppData\Roaming\npm;C:\Program Files\Java\jdk-24\bin
USERNAME=hp
OS=Windows_NT
PROCESSOR_IDENTIFIER=Intel64 Family 6 Model 122 Stepping 1, GenuineIntel
TMP=C:\Users\hp\AppData\Local\Temp
TEMP=C:\Users\hp\AppData\Local\Temp




Periodic native trim disabled

---------------  S Y S T E M  ---------------

OS:
 Windows 11 , 64 bit Build 22621 (10.0.22621.5262)
OS uptime: 7 days 4:36 hours

CPU: total 4 (initial active 4) (4 cores per cpu, 1 threads per core) family 6 model 122 stepping 1 microcode 0x38, cx8, cmov, fxsr, mmx, 3dnowpref, sse, sse2, sse3, ssse3, sse4.1, sse4.2, popcnt, tsc, tscinvbit, aes, erms, clmul, sha, clflush, clflushopt, rdtscp, rdpid
Processor Information for all 4 processors :
  Max Mhz: 1101, Current Mhz: 1101, Mhz Limit: 1101

Memory: 4k page, system-wide physical 3907M (387M free)
TotalPageFile size 15682M (AvailPageFile size 1884M)
current process WorkingSet (physical memory assigned to process): 24M, peak: 24M
current process commit charge ("private bytes"): 127M, peak: 127M

vm_info: Java HotSpot(TM) 64-Bit Server VM (21.0.7+8-LTS-245) for windows-amd64 JRE (21.0.7+8-LTS-245), built on 2025-02-21T05:11:27Z by "mach5one" with MS VC++ 17.6 (VS2022)

END.
