#
# A fatal error has been detected by the Java Runtime Environment:
#
#  EXCEPTION_ACCESS_VIOLATION (0xc0000005) at pc=0x00007ffbecf201ae, pid=16012, tid=10572
#
# JRE version:  (24.0.1+9) (build )
# Java VM: Java HotSpot(TM) 64-Bit Server VM (24.0.1+9-30, mixed mode, sharing, tiered, compressed oops, compressed class ptrs, g1 gc, windows-amd64)
# Problematic frame:
# V  [jvm.dll+0x3401ae]
#
# No core dump will be written. Minidumps are not enabled by default on client versions of Windows
#
#

---------------  S U M M A R Y ------------

Command Line: 

Host: Intel(R) Pentium(R) Silver N5000 CPU @ 1.10GHz, 4 cores, 3G,  Windows 11 , 64 bit Build 22621 (10.0.22621.5262)
Time: Mon Jun 30 16:00:56 2025 Central America Standard Time elapsed time: 0.313435 seconds (0d 0h 0m 0s)

---------------  T H R E A D  ---------------

Current thread (0x00000205d718dd00):  JavaThread "Unknown thread" [_thread_in_vm, id=10572, stack(0x0000003951800000,0x0000003951900000) (1024K)]

Stack: [0x0000003951800000,0x0000003951900000],  sp=0x00000039518fed10,  free space=1019k
Native frames: (J=compiled Java code, j=interpreted, Vv=VM code, C=native code)
V  [jvm.dll+0x3401ae]  (no source info available)
V  [jvm.dll+0x340d68]  (no source info available)
V  [jvm.dll+0x6d3fc3]  (no source info available)
V  [jvm.dll+0x6d4268]  (no source info available)
V  [jvm.dll+0x6d3381]  (no source info available)
V  [jvm.dll+0x6ce3d7]  (no source info available)
V  [jvm.dll+0x89d2d6]  (no source info available)
V  [jvm.dll+0x3f985d]  (no source info available)
V  [jvm.dll+0x8858e6]  (no source info available)
V  [jvm.dll+0x495f3e]  (no source info available)
V  [jvm.dll+0x497d11]  (no source info available)
C  [jli.dll+0x52a1]  (no source info available)
C  [ucrtbase.dll+0x29333]  (no source info available)
C  [KERNEL32.DLL+0x1259d]  (no source info available)
C  [ntdll.dll+0x5af58]  (no source info available)


siginfo: EXCEPTION_ACCESS_VIOLATION (0xc0000005), reading address 0x0000000000000000


Registers:
RAX=0x000038e3ecdc9b01, RBX=0x00000205d9522a30, RCX=0x0000000000000000, RDX=0x0000000000000001
RSP=0x00000039518fed10, RBP=0x0000000000000001, RSI=0x000002058042d988, RDI=0x0000000000000000
R8 =0x0000000000000001, R9 =0x0000000000000001, R10=0x00007ffbed5db298, R11=0x00000039518fed88
R12=0x0000000000000001, R13=0x0000000000000000, R14=0x0000000000000001, R15=0x0000000000000000
RIP=0x00007ffbecf201ae, EFLAGS=0x0000000000010246

XMM[0]=0x0000000000000000 0x0000000000000000
XMM[1]=0x0000000000000000 0x0000000000000000
XMM[2]=0x0000000000000000 0x0000000000000000
XMM[3]=0x0000000000000000 0x0000000000000000
XMM[4]=0x0000000000000000 0x0000000000000000
XMM[5]=0x0000000000000000 0x0000000000000000
XMM[6]=0x0000000000000000 0x0000000000000000
XMM[7]=0x0000000000000000 0x0000000000000000
XMM[8]=0x0000000000000000 0x0000000000000000
XMM[9]=0x0000000000000000 0x0000000000000000
XMM[10]=0x0000000000000000 0x0000000000000000
XMM[11]=0x0000000000000000 0x0000000000000000
XMM[12]=0x0000000000000000 0x0000000000000000
XMM[13]=0x0000000000000000 0x0000000000000000
XMM[14]=0x0000000000000000 0x0000000000000000
XMM[15]=0x0000000000000000 0x0000000000000000
  MXCSR=0x00001fa0


Top of Stack: (sp=0x00000039518fed10)
0x00000039518fed10:   00000205d9522a30 00007ffbecf1bf09   0*R.............
0x00000039518fed20:   00000205d9522a30 000001fd80000000   0*R.............
0x00000039518fed30:   00000205804a0000 0000020580d40000   ..J.............
0x00000039518fed40:   00000039518fed50 0000000000000000   P..Q9...........
0x00000039518fed50:   0000020580000000 0000000001000000   ................
0x00000039518fed60:   000038e3ecdc9b84 0000000000010000   .....8..........
0x00000039518fed70:   0000000000000001 0000000000000000   ................
0x00000039518fed80:   0000000000000000 00007ffbecf20d68   ........h.......
0x00000039518fed90:   0000020580000000 00000205d9522a30   ........0*R.....
0x00000039518feda0:   0000000000000000 0000000000000001   ................
0x00000039518fedb0:   0000020580000000 0000020580000000   ................
0x00000039518fedc0:   0000000000000000 00007ffbed2b3fc3   .........?+.....
0x00000039518fedd0:   00000205d9522a30 00000205d9522a30   0*R.....0*R.....
0x00000039518fede0:   00000039518fef70 0000020580000000   p..Q9...........
0x00000039518fedf0:   00000039518fee20 0000020581000000    ..Q9...........
0x00000039518fee00:   0000000040000000 0000000000000000   ...@............
0x00000039518fee10:   0000000001000000 0000000000001000   ................
0x00000039518fee20:   0000020580000000 0000000001000000   ................
0x00000039518fee30:   0000000000000000 0000000000010000   ................
0x00000039518fee40:   0000000000001000 ffffffff00eb0000   ................
0x00000039518fee50:   0000000000000300 00000205d9522a30   ........0*R.....
0x00000039518fee60:   0000000000000000 00007ffbed2b4268   ........hB+.....
0x00000039518fee70:   0000000000000000 00000205d9522a30   ........0*R.....
0x00000039518fee80:   0000000000000000 0000000000000000   ................
0x00000039518fee90:   00000039518feea0 00000039518feed8   ...Q9......Q9...
0x00000039518feea0:   0000020580000000 0000000001000000   ................
0x00000039518feeb0:   0000000000000000 0000000000010000   ................
0x00000039518feec0:   0000000000001000 ffffffff00eb0000   ................
0x00000039518feed0:   0000000000000300 0000020581000000   ................
0x00000039518feee0:   0000000040000000 0000000000000000   ...@............
0x00000039518feef0:   0000000001000000 0000000000001000   ................
0x00000039518fef00:   ffffffff00eb0000 0000000000000300   ................

Instructions: (pc=0x00007ffbecf201ae)
  0x00007ffbecf200ae:   f6 b9 6b 00 48 8d 15 f7 b9 6b 00 4c 8b c2 48 8d
  0x00007ffbecf200be:   0d bd b1 6f 00 4c 0f 45 c0 80 bb 95 01 00 00 00
  0x00007ffbecf200ce:   48 0f 45 d0 e8 49 9b d8 ff 32 c0 48 83 c4 20 5b
  0x00007ffbecf200de:   c3 80 bb f9 02 00 00 00 75 1d e8 53 9c eb ff 48
  0x00007ffbecf200ee:   8b 05 fc 75 94 00 48 85 c0 74 0c 48 8d 0d 20 b2
  0x00007ffbecf200fe:   6f 00 e8 2b 36 d8 ff 81 3b a2 ab 0b f0 75 31 80
  0x00007ffbecf2010e:   bb fb 02 00 00 00 75 0c 48 8d 0d 6b b2 6f 00 e8
  0x00007ffbecf2011e:   de 9b eb ff 80 bb fc 02 00 00 00 b9 01 00 00 00
  0x00007ffbecf2012e:   0f b6 05 0e 93 94 00 0f 45 c1 88 05 05 93 94 00
  0x00007ffbecf2013e:   b0 01 48 83 c4 20 5b c3 48 8b 05 ab 75 94 00 48
  0x00007ffbecf2014e:   85 c0 74 0c 48 8d 0d 87 b0 6f 00 e8 c2 9a d8 ff
  0x00007ffbecf2015e:   32 c0 48 83 c4 20 5b c3 cc cc cc cc cc cc cc cc
  0x00007ffbecf2016e:   cc cc 4c 8b dc 57 48 83 ec 70 48 8b 05 e9 8d 91
  0x00007ffbecf2017e:   00 48 33 c4 48 89 44 24 50 49 89 5b 10 49 89 6b
  0x00007ffbecf2018e:   18 0f b6 ea 49 89 73 f0 48 8b f1 e8 b2 9a eb ff
  0x00007ffbecf2019e:   84 c0 74 17 80 3e 00 75 12 48 8b 0d 72 c0 94 00
=>0x00007ffbecf201ae:   48 8b 01 ff 50 20 48 8b d8 eb 08 48 8b 5e 18 48
  0x00007ffbecf201be:   83 c3 04 48 8b 05 18 c1 94 00 40 b7 01 48 85 c0
  0x00007ffbecf201ce:   74 0f 48 8b d3 48 8d 0d 56 90 6f 00 e8 21 17 f0
  0x00007ffbecf201de:   ff 48 8d 54 24 20 48 8b cb e8 b4 e9 3e 00 85 c0
  0x00007ffbecf201ee:   74 28 40 84 ed 74 23 48 8b 05 fc 74 94 00 48 85
  0x00007ffbecf201fe:   c0 74 47 48 8b d3 48 8d 0d 4d 90 6f 00 e8 10 9a
  0x00007ffbecf2020e:   d8 ff 40 32 ff e9 31 01 00 00 80 3e 02 75 33 48
  0x00007ffbecf2021e:   8b cb e8 fb 81 3e 00 84 c0 0f 85 1c 01 00 00 48
  0x00007ffbecf2022e:   8b 05 c4 74 94 00 48 85 c0 74 0f 48 8b d3 48 8d
  0x00007ffbecf2023e:   0d 45 90 6f 00 e8 d8 99 d8 ff 40 32 ff e9 f9 00
  0x00007ffbecf2024e:   00 00 48 8b 46 08 48 63 6c 24 34 4c 89 74 24 60
  0x00007ffbecf2025e:   4c 8b 76 10 48 85 c0 74 0d 48 3b 44 24 40 74 06
  0x00007ffbecf2026e:   40 0f b6 f7 eb 0c 40 32 f6 4c 3b f5 0f 84 c4 00
  0x00007ffbecf2027e:   00 00 48 8b 05 71 74 94 00 40 32 ff 40 38 3d d2
  0x00007ffbecf2028e:   71 95 00 74 28 48 85 c0 0f 84 a8 00 00 00 40 84
  0x00007ffbecf2029e:   f6 48 8d 05 02 90 6f 00 48 8d 0d 13 90 6f 00 48


Lock stack of current Java thread (top to bottom):


---------------  P R O C E S S  ---------------

Threads class SMR info:
_java_thread_list=0x00007ffbed81f318, length=0, elements={
}

Java Threads: ( => current thread )
Total: 0

Other Threads:
  0x00000205d94b97f0 WorkerThread "GC Thread#0"                     [id=10616, stack(0x0000003951900000,0x0000003951a00000) (1024K)]
  0x00000205d94c4a30 ConcurrentGCThread "G1 Main Marker"            [id=24684, stack(0x0000003951a00000,0x0000003951b00000) (1024K)]
  0x00000205d94c5540 WorkerThread "G1 Conc#0"                       [id=13116, stack(0x0000003951b00000,0x0000003951c00000) (1024K)]
  0x00000205d95230c0 ConcurrentGCThread "G1 Refine#0"               [id=6700, stack(0x0000003951c00000,0x0000003951d00000) (1024K)]
  0x00000205d9523c40 ConcurrentGCThread "G1 Service"                [id=29296, stack(0x0000003951d00000,0x0000003951e00000) (1024K)]

=>0x00000205d718dd00 (exited) JavaThread "Unknown thread"    [_thread_in_vm, id=10572, stack(0x0000003951800000,0x0000003951900000) (1024K)]
Total: 6

Threads with active compile tasks:
Total: 0

VM state: not at safepoint (not fully initialized)

VM Mutex/Monitor currently owned by a thread: None

Heap address: 0x00000000c2e00000, size: 978 MB, Compressed Oops mode: 32-bit

CDS archive(s) mapped at: [0x0000000000000000-0x0000000000000000-0x0000000000000000), size 0, SharedBaseAddress: 0x0000000800000000, ArchiveRelocationMode: 1.
UseCompressedClassPointers 1, UseCompactObjectHeaders 0
Narrow klass pointer bits 32, Max shift 3
Narrow klass base: 0xffffffffffffffff, Narrow klass shift: -1
Encoding Range: [0xffffffffffffffff - 0x000000007fffffff), (2147483648 bytes)
Klass Range:    [0x0000000000000000 - 0x0000000000000000), (0 bytes)
Klass ID Range:  [4294967295 - 0) (1)

GC Precious Log:
 CardTable entry size: 512
 Card Set container configuration: InlinePtr #cards 5 size 8 Array Of Cards #cards 10 size 36 Howl #buckets 4 coarsen threshold 1843 Howl Bitmap #cards 512 size 80 coarsen threshold 460 Card regions per heap region 1 cards per card region 2048
 CPUs: 4 total, 4 available
 Memory: 3907M
 Large Page Support: Disabled
 NUMA Support: Disabled
 Compressed Oops: Enabled (32-bit)
 Heap Region Size: 1M
 Heap Min Capacity: 8M
 Heap Initial Capacity: 62M
 Heap Max Capacity: 978M
 Pre-touch: Disabled
 Parallel Workers: 4
 Concurrent Workers: 1
 Concurrent Refinement Workers: 4
 Periodic GC: Disabled

Heap:
 garbage-first heap   total reserved 1001472K, committed 63488K, used 0K [0x00000000c2e00000, 0x0000000100000000)
  region size 1024K, 0 young (0K), 0 survivors (0K)

[error occurred during error reporting (printing heap information), id 0xc0000005, EXCEPTION_ACCESS_VIOLATION (0xc0000005) at pc=0x00007ffbed36e3e9]
GC Heap History (0 events):
No events

Dll operation events (1 events):
Event: 0.086 Loaded shared library C:\Program Files\Java\jdk-24\bin\java.dll

Deoptimization events (0 events):
No events

Classes loaded (0 events):
No events

Classes unloaded (0 events):
No events

Classes redefined (0 events):
No events

Internal exceptions (0 events):
No events

VM Operations (0 events):
No events

Memory protections (0 events):
No events

Nmethod flushes (0 events):
No events

Events (0 events):
No events


Dynamic libraries:
0x00007ff6a1070000 - 0x00007ff6a1080000 	C:\Program Files\Java\jdk-24\bin\java.exe
0x00007ffc87790000 - 0x00007ffc879a7000 	C:\WINDOWS\SYSTEM32\ntdll.dll
0x00007ffc868d0000 - 0x00007ffc86994000 	C:\WINDOWS\System32\KERNEL32.DLL
0x00007ffc848b0000 - 0x00007ffc84c83000 	C:\WINDOWS\System32\KERNELBASE.dll
0x00007ffc84fd0000 - 0x00007ffc850e1000 	C:\WINDOWS\System32\ucrtbase.dll
0x00007ffc642d0000 - 0x00007ffc642eb000 	C:\Program Files\Java\jdk-24\bin\VCRUNTIME140.dll
0x00007ffc5ffe0000 - 0x00007ffc5fff6000 	C:\Program Files\Java\jdk-24\bin\jli.dll
0x00007ffc85530000 - 0x00007ffc856e1000 	C:\WINDOWS\System32\USER32.dll
0x00007ffc84fa0000 - 0x00007ffc84fc6000 	C:\WINDOWS\System32\win32u.dll
0x00007ffc867b0000 - 0x00007ffc867d9000 	C:\WINDOWS\System32\GDI32.dll
0x00007ffc84db0000 - 0x00007ffc84ed2000 	C:\WINDOWS\System32\gdi32full.dll
0x00007ffc84c90000 - 0x00007ffc84d2a000 	C:\WINDOWS\System32\msvcp_win.dll
0x00007ffc6d330000 - 0x00007ffc6d5cb000 	C:\WINDOWS\WinSxS\amd64_microsoft.windows.common-controls_6595b64144ccf1df_6.0.22621.5262_none_2712bde373830908\COMCTL32.dll
0x00007ffc86660000 - 0x00007ffc86707000 	C:\WINDOWS\System32\msvcrt.dll
0x00007ffc86620000 - 0x00007ffc86651000 	C:\WINDOWS\System32\IMM32.DLL
0x00007ffc79c40000 - 0x00007ffc79c4c000 	C:\Program Files\Java\jdk-24\bin\vcruntime140_1.dll
0x00007ffc4abc0000 - 0x00007ffc4ac4e000 	C:\Program Files\Java\jdk-24\bin\msvcp140.dll
0x00007ffbecbe0000 - 0x00007ffbed982000 	C:\Program Files\Java\jdk-24\bin\server\jvm.dll
0x00007ffc86bd0000 - 0x00007ffc86c81000 	C:\WINDOWS\System32\ADVAPI32.dll
0x00007ffc85bf0000 - 0x00007ffc85c97000 	C:\WINDOWS\System32\sechost.dll
0x00007ffc84880000 - 0x00007ffc848a8000 	C:\WINDOWS\System32\bcrypt.dll
0x00007ffc86d00000 - 0x00007ffc86e14000 	C:\WINDOWS\System32\RPCRT4.dll
0x00007ffc867e0000 - 0x00007ffc86851000 	C:\WINDOWS\System32\WS2_32.dll
0x00007ffc84760000 - 0x00007ffc847ad000 	C:\WINDOWS\SYSTEM32\POWRPROF.dll
0x00007ffc7c610000 - 0x00007ffc7c644000 	C:\WINDOWS\SYSTEM32\WINMM.dll
0x00007ffc7b940000 - 0x00007ffc7b94a000 	C:\WINDOWS\SYSTEM32\VERSION.dll
0x00007ffc84740000 - 0x00007ffc84753000 	C:\WINDOWS\SYSTEM32\UMPDC.dll
0x00007ffc838c0000 - 0x00007ffc838d8000 	C:\WINDOWS\SYSTEM32\kernel.appcore.dll
0x00007ffc69810000 - 0x00007ffc6981a000 	C:\Program Files\Java\jdk-24\bin\jimage.dll
0x00007ffc82320000 - 0x00007ffc82552000 	C:\WINDOWS\SYSTEM32\DBGHELP.DLL
0x00007ffc860e0000 - 0x00007ffc86473000 	C:\WINDOWS\System32\combase.dll
0x00007ffc86540000 - 0x00007ffc86617000 	C:\WINDOWS\System32\OLEAUT32.dll
0x00007ffc658d0000 - 0x00007ffc65902000 	C:\WINDOWS\SYSTEM32\dbgcore.DLL
0x00007ffc853a0000 - 0x00007ffc8541b000 	C:\WINDOWS\System32\bcryptPrimitives.dll
0x00007ffc530e0000 - 0x00007ffc530fe000 	C:\Program Files\Java\jdk-24\bin\java.dll
0x00007ffc85f30000 - 0x00007ffc860d1000 	C:\WINDOWS\System32\ole32.dll
0x00007ffc86e20000 - 0x00007ffc876bd000 	C:\WINDOWS\System32\SHELL32.dll
0x00007ffc850f0000 - 0x00007ffc8522f000 	C:\WINDOWS\System32\wintypes.dll

JVMTI agents: none

dbghelp: loaded successfully - version: 4.0.5 - missing functions: none
symbol engine: initialized successfully - sym options: 0x614 - pdb path: .;C:\Program Files\Java\jdk-24\bin;C:\WINDOWS\SYSTEM32;C:\WINDOWS\WinSxS\amd64_microsoft.windows.common-controls_6595b64144ccf1df_6.0.22621.5262_none_2712bde373830908;C:\Program Files\Java\jdk-24\bin\server

VM Arguments:
java_command: <unknown>
java_class_path (initial): <not set>
Launcher Type: SUN_STANDARD

[Global flags]
     intx CICompilerCount                          = 3                                         {product} {ergonomic}
     uint ConcGCThreads                            = 1                                         {product} {ergonomic}
     uint G1ConcRefinementThreads                  = 4                                         {product} {ergonomic}
   size_t G1HeapRegionSize                         = 1048576                                   {product} {ergonomic}
   size_t InitialHeapSize                          = 65011712                                  {product} {ergonomic}
   size_t MarkStackSize                            = 4194304                                   {product} {ergonomic}
   size_t MarkStackSizeMax                         = 536870912                                 {product} {ergonomic}
   size_t MaxHeapSize                              = 1025507328                                {product} {ergonomic}
   size_t MaxNewSize                               = 614465536                                 {product} {ergonomic}
   size_t MinHeapDeltaBytes                        = 1048576                                   {product} {ergonomic}
   size_t MinHeapSize                              = 8388608                                   {product} {ergonomic}
    uintx NonNMethodCodeHeapSize                   = 5832704                                {pd product} {ergonomic}
    uintx NonProfiledCodeHeapSize                  = 122945536                              {pd product} {ergonomic}
    uintx ProfiledCodeHeapSize                     = 122880000                              {pd product} {ergonomic}
    uintx ReservedCodeCacheSize                    = 251658240                              {pd product} {ergonomic}
     bool SegmentedCodeCache                       = true                                      {product} {ergonomic}
   size_t SoftMaxHeapSize                          = 1025507328                             {manageable} {ergonomic}
     bool UseCompressedOops                        = true                           {product lp64_product} {ergonomic}
     bool UseG1GC                                  = true                                      {product} {ergonomic}
     bool UseLargePagesIndividualAllocation        = false                                  {pd product} {ergonomic}

Logging:
Log output configuration:
 #0: stdout all=warning uptime,level,tags foldmultilines=false
 #1: stderr all=off uptime,level,tags foldmultilines=false

Environment Variables:
PATH=C:\Program Files (x86)\Embarcadero\Studio\23.0\bin;C:\Users\Public\Documents\Embarcadero\Studio\23.0\Bpl;C:\Program Files (x86)\Embarcadero\Studio\23.0\bin64;C:\Users\Public\Documents\Embarcadero\Studio\23.0\Bpl\Win64;C:\WINDOWS\system32;C:\WINDOWS;C:\WINDOWS\System32\Wbem;C:\WINDOWS\System32\WindowsPowerShell\v1.0\;C:\WINDOWS\System32\OpenSSH\;C:\Program Files\Huawei QuickApp IDE\resources\app\extensions\deveco-debug\lib\toolkit\nodeTool;C:\Program Files\Huawei QuickApp IDE\resources\app\extensions\deveco-debug\lib\toolkit;C:\Program Files\OBS-WebRTC (64bit)\bin;C:\Program Files\Devart\EntityDeveloper\Console;C:\Program Files\Microsoft SQL Server\150\Tools\Binn\;C:\Program Files\Microsoft SQL Server\Client SDK\ODBC\170\Tools\Binn\;C:\Program Files\dotnet\;C:\Program Files\nodejs\;C:\Program Files\Git\cmd;C:\Users\hp\.console-ninja\.bin;C:\Users\hp\AppData\Local\Microsoft\WindowsApps;C:\flutter\bin;C:\Program Files\Devart\EntityDeveloper\Console;C:\Users\hp\.dotnet\tools;C:\Program Files\JetBrains\JetBrains Rider 2024.3.3\bin;;C:\Users\hp\AppData\Local\Programs\Microsoft VS Code\bin;C:\Users\hp\AppData\Local\GitHubDesktop\bin;C:\Users\hp\AppData\Roaming\npm;C:\Program Files\Java\jdk-24\bin
USERNAME=hp
OS=Windows_NT
PROCESSOR_IDENTIFIER=Intel64 Family 6 Model 122 Stepping 1, GenuineIntel
TMP=C:\Users\hp\AppData\Local\Temp
TEMP=C:\Users\hp\AppData\Local\Temp




Periodic native trim disabled

---------------  S Y S T E M  ---------------

OS:
 Windows 11 , 64 bit Build 22621 (10.0.22621.5262)
OS uptime: 7 days 4:32 hours

CPU: total 4 (initial active 4) (4 cores per cpu, 1 threads per core) family 6 model 122 stepping 1 microcode 0x38, cx8, cmov, fxsr, mmx, 3dnowpref, sse, sse2, sse3, ssse3, sse4.1, sse4.2, popcnt, tsc, tscinvbit, aes, erms, clmul, sha, clflush, clflushopt, rdtscp, rdpid
Processor Information for the first 4 processors :
  Max Mhz: 1101, Current Mhz: 1101, Mhz Limit: 1101

Memory: 4k page, system-wide physical 3907M (274M free)
TotalPageFile size 15682M (AvailPageFile size 1823M)
current process WorkingSet (physical memory assigned to process): 25M, peak: 26M
current process commit charge ("private bytes"): 128M, peak: 128M

vm_info: Java HotSpot(TM) 64-Bit Server VM (24.0.1+9-30) for windows-amd64 JRE (24.0.1+9-30), built on 2025-03-05T07:23:45Z with MS VC++ 17.6 (VS2022)

END.
